# JRE version: Java(TM) SE Runtime Environment (8.0_421) (build 1.8.0_421-b09)
# Java VM: Java HotSpot(TM) 64-Bit Server VM (25.421-b09 mixed mode windows-amd64 compressed oops)
Heap:
 PSYoungGen      total 355840K, used 271824K [0x000000076c180000, 0x0000000789580000, 0x00000007c0000000)
  eden space 302592K, 83% used [0x000000076c180000,0x000000077b753ad8,0x000000077e900000)
  from space 53248K, 37% used [0x000000077e900000,0x000000077fca0790,0x0000000781d00000)
  to   space 50688K, 0% used [0x0000000786400000,0x0000000786400000,0x0000000789580000)
 ParOldGen       total 136704K, used 98426K [0x00000006c4400000, 0x00000006cc980000, 0x000000076c180000)
  object space 136704K, 71% used [0x00000006c4400000,0x00000006ca41eb30,0x00000006cc980000)
 Metaspace       used 53168K, capacity 56636K, committed 56880K, reserved 1099776K
  class space    used 6773K, capacity 7381K, committed 7472K, reserved 1048576K
GC Heap History (10 events):
Event: 2.326 GC heap before
{Heap before GC invocations=9 (full 2):
 PSYoungGen      total 162304K, used 148992K [0x000000076c180000, 0x000000077b680000, 0x00000007c0000000)
  eden space 148992K, 100% used [0x000000076c180000,0x0000000775300000,0x0000000775300000)
  from space 13312K, 0% used [0x0000000776000000,0x0000000776000000,0x0000000776d00000)
  to   space 13312K, 0% used [0x0000000775300000,0x0000000775300000,0x0000000776000000)
 ParOldGen       total 136704K, used 13355K [0x00000006c4400000, 0x00000006cc980000, 0x000000076c180000)
  object space 136704K, 9% used [0x00000006c4400000,0x00000006c510afe8,0x00000006cc980000)
 Metaspace       used 39001K, capacity 41266K, committed 41520K, reserved 1085440K
  class space    used 5109K, capacity 5567K, committed 5680K, reserved 1048576K
Event: 2.332 GC heap after
Heap after GC invocations=9 (full 2):
 PSYoungGen      total 162304K, used 13289K [0x000000076c180000, 0x000000077d380000, 0x00000007c0000000)
  eden space 148992K, 0% used [0x000000076c180000,0x000000076c180000,0x0000000775300000)
  from space 13312K, 99% used [0x0000000775300000,0x0000000775ffa700,0x0000000776000000)
  to   space 17920K, 0% used [0x000000077c200000,0x000000077c200000,0x000000077d380000)
 ParOldGen       total 136704K, used 19691K [0x00000006c4400000, 0x00000006cc980000, 0x000000076c180000)
  object space 136704K, 14% used [0x00000006c4400000,0x00000006c573ad40,0x00000006cc980000)
 Metaspace       used 39001K, capacity 41266K, committed 41520K, reserved 1085440K
  class space    used 5109K, capacity 5567K, committed 5680K, reserved 1048576K
}
Event: 3.517 GC heap before
{Heap before GC invocations=10 (full 2):
 PSYoungGen      total 162304K, used 162281K [0x000000076c180000, 0x000000077d380000, 0x00000007c0000000)
  eden space 148992K, 100% used [0x000000076c180000,0x0000000775300000,0x0000000775300000)
  from space 13312K, 99% used [0x0000000775300000,0x0000000775ffa700,0x0000000776000000)
  to   space 17920K, 0% used [0x000000077c200000,0x000000077c200000,0x000000077d380000)
 ParOldGen       total 136704K, used 19691K [0x00000006c4400000, 0x00000006cc980000, 0x000000076c180000)
  object space 136704K, 14% used [0x00000006c4400000,0x00000006c573ad40,0x00000006cc980000)
 Metaspace       used 46592K, capacity 49664K, committed 49712K, reserved 1091584K
  class space    used 6132K, capacity 6695K, committed 6704K, reserved 1048576K
Event: 3.524 GC heap after
Heap after GC invocations=10 (full 2):
 PSYoungGen      total 253952K, used 17907K [0x000000076c180000, 0x000000077d600000, 0x00000007c0000000)
  eden space 236032K, 0% used [0x000000076c180000,0x000000076c180000,0x000000077a800000)
  from space 17920K, 99% used [0x000000077c200000,0x000000077d37cfe0,0x000000077d380000)
  to   space 23552K, 0% used [0x000000077a800000,0x000000077a800000,0x000000077bf00000)
 ParOldGen       total 136704K, used 26411K [0x00000006c4400000, 0x00000006cc980000, 0x000000076c180000)
  object space 136704K, 19% used [0x00000006c4400000,0x00000006c5dcada0,0x00000006cc980000)
 Metaspace       used 46592K, capacity 49664K, committed 49712K, reserved 1091584K
  class space    used 6132K, capacity 6695K, committed 6704K, reserved 1048576K
}
Event: 51.706 GC heap before
{Heap before GC invocations=11 (full 2):
 PSYoungGen      total 253952K, used 253939K [0x000000076c180000, 0x000000077d600000, 0x00000007c0000000)
  eden space 236032K, 100% used [0x000000076c180000,0x000000077a800000,0x000000077a800000)
  from space 17920K, 99% used [0x000000077c200000,0x000000077d37cfe0,0x000000077d380000)
  to   space 23552K, 0% used [0x000000077a800000,0x000000077a800000,0x000000077bf00000)
 ParOldGen       total 136704K, used 26411K [0x00000006c4400000, 0x00000006cc980000, 0x000000076c180000)
  object space 136704K, 19% used [0x00000006c4400000,0x00000006c5dcada0,0x00000006cc980000)
 Metaspace       used 53144K, capacity 56636K, committed 56880K, reserved 1099776K
  class space    used 6769K, capacity 7381K, committed 7472K, reserved 1048576K
Event: 51.736 GC heap after
Heap after GC invocations=11 (full 2):
 PSYoungGen      total 259584K, used 23537K [0x000000076c180000, 0x0000000785400000, 0x00000007c0000000)
  eden space 236032K, 0% used [0x000000076c180000,0x000000076c180000,0x000000077a800000)
  from space 23552K, 99% used [0x000000077a800000,0x000000077befc610,0x000000077bf00000)
  to   space 51712K, 0% used [0x0000000782180000,0x0000000782180000,0x0000000785400000)
 ParOldGen       total 136704K, used 88621K [0x00000006c4400000, 0x00000006cc980000, 0x000000076c180000)
  object space 136704K, 64% used [0x00000006c4400000,0x00000006c9a8b5e0,0x00000006cc980000)
 Metaspace       used 53144K, capacity 56636K, committed 56880K, reserved 1099776K
  class space    used 6769K, capacity 7381K, committed 7472K, reserved 1048576K
}
Event: 53.225 GC heap before
{Heap before GC invocations=12 (full 2):
 PSYoungGen      total 259584K, used 259569K [0x000000076c180000, 0x0000000785400000, 0x00000007c0000000)
  eden space 236032K, 100% used [0x000000076c180000,0x000000077a800000,0x000000077a800000)
  from space 23552K, 99% used [0x000000077a800000,0x000000077befc610,0x000000077bf00000)
  to   space 51712K, 0% used [0x0000000782180000,0x0000000782180000,0x0000000785400000)
 ParOldGen       total 136704K, used 88621K [0x00000006c4400000, 0x00000006cc980000, 0x000000076c180000)
  object space 136704K, 64% used [0x00000006c4400000,0x00000006c9a8b5e0,0x00000006cc980000)
 Metaspace       used 53146K, capacity 56636K, committed 56880K, reserved 1099776K
  class space    used 6769K, capacity 7381K, committed 7472K, reserved 1048576K
Event: 53.241 GC heap after
Heap after GC invocations=12 (full 2):
 PSYoungGen      total 351232K, used 33153K [0x000000076c180000, 0x0000000785100000, 0x00000007c0000000)
  eden space 302592K, 0% used [0x000000076c180000,0x000000076c180000,0x000000077e900000)
  from space 48640K, 68% used [0x0000000782180000,0x00000007841e0690,0x0000000785100000)
  to   space 53248K, 0% used [0x000000077e900000,0x000000077e900000,0x0000000781d00000)
 ParOldGen       total 136704K, used 98418K [0x00000006c4400000, 0x00000006cc980000, 0x000000076c180000)
  object space 136704K, 71% used [0x00000006c4400000,0x00000006ca41cb30,0x00000006cc980000)
 Metaspace       used 53146K, capacity 56636K, committed 56880K, reserved 1099776K
  class space    used 6769K, capacity 7381K, committed 7472K, reserved 1048576K
}
Event: 55.160 GC heap before
{Heap before GC invocations=13 (full 2):
 PSYoungGen      total 351232K, used 335745K [0x000000076c180000, 0x0000000785100000, 0x00000007c0000000)
  eden space 302592K, 100% used [0x000000076c180000,0x000000077e900000,0x000000077e900000)
  from space 48640K, 68% used [0x0000000782180000,0x00000007841e0690,0x0000000785100000)
  to   space 53248K, 0% used [0x000000077e900000,0x000000077e900000,0x0000000781d00000)
 ParOldGen       total 136704K, used 98418K [0x00000006c4400000, 0x00000006cc980000, 0x000000076c180000)
  object space 136704K, 71% used [0x00000006c4400000,0x00000006ca41cb30,0x00000006cc980000)
 Metaspace       used 53146K, capacity 56636K, committed 56880K, reserved 1099776K
  class space    used 6769K, capacity 7381K, committed 7472K, reserved 1048576K
Event: 55.171 GC heap after
Heap after GC invocations=13 (full 2):
 PSYoungGen      total 355840K, used 20097K [0x000000076c180000, 0x0000000789580000, 0x00000007c0000000)
  eden space 302592K, 0% used [0x000000076c180000,0x000000076c180000,0x000000077e900000)
  from space 53248K, 37% used [0x000000077e900000,0x000000077fca0790,0x0000000781d00000)
  to   space 50688K, 0% used [0x0000000786400000,0x0000000786400000,0x0000000789580000)
 ParOldGen       total 136704K, used 98426K [0x00000006c4400000, 0x00000006cc980000, 0x000000076c180000)
  object space 136704K, 71% used [0x00000006c4400000,0x00000006ca41eb30,0x00000006cc980000)
 Metaspace       used 53146K, capacity 56636K, committed 56880K, reserved 1099776K
  class space    used 6769K, capacity 7381K, committed 7472K, reserved 1048576K
}

